<?xml version="1.0" encoding="UTF-8"?>
<!-- Generated by org.testng.reporters.JUnitReportReporter -->
<testsuite hostname="WS0601575" name="test.tektravel.Test_TravelRequest_Traveler" tests="3" failures="0" timestamp="13 May 2019 07:09:37 GMT" time="243.755" errors="0">
  <testcase name="TT_2035" time="72.078" classname="test.tektravel.Test_TravelRequest_Traveler"/>
  <testcase name="TT_2272" time="93.044" classname="test.tektravel.Test_TravelRequest_Traveler"/>
  <testcase name="TT_2034" time="78.633" classname="test.tektravel.Test_TravelRequest_Traveler"/>
</testsuite> <!-- test.tektravel.Test_TravelRequest_Traveler -->
