<?xml version="1.0" encoding="UTF-8"?>
<!-- Generated by org.testng.reporters.JUnitReportReporter -->
<testsuite skipped="0" hostname="WS0601575" name="tektravel.webpages.ConnectDataBase" tests="1" failures="0" timestamp="28 Sep 2018 07:09:10 GMT" time="0.507" errors="0">
  <testcase name="test1" time="0.507" classname="tektravel.webpages.ConnectDataBase"/>
</testsuite> <!-- tektravel.webpages.ConnectDataBase -->
