<?xml version="1.0" encoding="UTF-8"?>
<!-- Generated by org.testng.reporters.JUnitReportReporter -->
<testsuite skipped="0" hostname="WS0601575" name="test.tektravel.TestEmailContent_TripCompleted" tests="1" failures="0" timestamp="10 Dec 2018 03:04:00 GMT" time="89.930" errors="0">
  <testcase name="tripCompleted" time="89.930" classname="test.tektravel.TestEmailContent_TripCompleted"/>
</testsuite> <!-- test.tektravel.TestEmailContent_TripCompleted -->
