<?xml version="1.0" encoding="UTF-8"?>
<!-- Generated by org.testng.reporters.JUnitReportReporter -->
<testsuite skipped="0" hostname="WS0601575" name="test.tektravel.TestEmailContent_TravelArrangements" tests="1" failures="0" timestamp="12 Dec 2018 04:30:19 GMT" time="88.956" errors="0">
  <testcase name="travelArrangements" time="88.956" classname="test.tektravel.TestEmailContent_TravelArrangements"/>
</testsuite> <!-- test.tektravel.TestEmailContent_TravelArrangements -->
