<?xml version="1.0" encoding="UTF-8"?>
<!-- Generated by org.testng.reporters.JUnitReportReporter -->
<testsuite skipped="0" hostname="WS0601575" name="test.tektravel.Test_TravelRequest_NewTravelRequest" tests="1" failures="0" timestamp="28 Mar 2019 07:13:19 GMT" time="22.434" errors="0">
  <testcase name="TT_2276" time="22.434" classname="test.tektravel.Test_TravelRequest_NewTravelRequest"/>
</testsuite> <!-- test.tektravel.Test_TravelRequest_NewTravelRequest -->
