<?xml version="1.0" encoding="UTF-8"?>
<!-- Generated by org.testng.reporters.JUnitReportReporter -->
<testsuite skipped="0" hostname="WS0601575" name="test.tektravel.TestEmailContent_CancelTrip" tests="1" failures="0" timestamp="12 Dec 2018 07:47:49 GMT" time="89.689" errors="0">
  <testcase name="cancelTrip" time="89.689" classname="test.tektravel.TestEmailContent_CancelTrip"/>
</testsuite> <!-- test.tektravel.TestEmailContent_CancelTrip -->
