<?xml version="1.0" encoding="UTF-8"?>
<!-- Generated by org.testng.reporters.JUnitReportReporter -->
<testsuite skipped="0" hostname="WS0601575" name="test.tektravel.TestEmailContent_CancelRequest" tests="1" failures="0" timestamp="14 Nov 2018 03:17:03 GMT" time="97.261" errors="0">
  <testcase name="cancelRequest" time="97.261" classname="test.tektravel.TestEmailContent_CancelRequest"/>
</testsuite> <!-- test.tektravel.TestEmailContent_CancelRequest -->
