<?xml version="1.0" encoding="UTF-8"?>
<!-- Generated by org.testng.reporters.JUnitReportReporter -->
<testsuite skipped="0" hostname="WS0601575" name="test.tektravel.Test_TravelRequest_AddNewRequest" tests="3" failures="0" timestamp="14 Mar 2019 08:34:47 GMT" time="90.576" errors="0">
  <testcase name="createRequest" time="35.331" classname="test.tektravel.Test_TravelRequest_AddNewRequest"/>
  <testcase name="createRequest" time="35.529" classname="test.tektravel.Test_TravelRequest_AddNewRequest"/>
  <testcase name="createRequest" time="19.716" classname="test.tektravel.Test_TravelRequest_AddNewRequest"/>
</testsuite> <!-- test.tektravel.Test_TravelRequest_AddNewRequest -->
