<?xml version="1.0" encoding="UTF-8"?>
<!-- Generated by org.testng.reporters.JUnitReportReporter -->
<testsuite skipped="0" hostname="WS0601575" name="test.tektravel.TestEmailContent_NewRequest" tests="1" failures="0" timestamp="15 Feb 2019 03:50:04 GMT" time="104.066" errors="0">
  <testcase name="NewRequest" time="104.066" classname="test.tektravel.TestEmailContent_NewRequest"/>
</testsuite> <!-- test.tektravel.TestEmailContent_NewRequest -->
