<?xml version="1.0" encoding="UTF-8"?>
<!-- Generated by org.testng.reporters.JUnitReportReporter -->
<testsuite hostname="WS0601575" name="test.tektravel.Test_EmailNotification" tests="1" failures="0" timestamp="2 Jul 2019 03:50:49 GMT" time="92.563" errors="0">
  <testcase name="TT_2472" time="92.563" classname="test.tektravel.Test_EmailNotification"/>
</testsuite> <!-- test.tektravel.Test_EmailNotification -->
