<?xml version="1.0" encoding="UTF-8"?>
<!-- Generated by org.testng.reporters.JUnitReportReporter -->
<testsuite hostname="WS0601575" name="test.tektravel.Test_TripEdit_Others" tests="1" failures="0" timestamp="29 May 2019 03:40:49 GMT" time="54.123" errors="0">
  <testcase name="TT_2432" time="54.123" classname="test.tektravel.Test_TripEdit_Others"/>
</testsuite> <!-- test.tektravel.Test_TripEdit_Others -->
