<?xml version="1.0" encoding="UTF-8"?>
<!-- Generated by org.testng.reporters.JUnitReportReporter -->
<testsuite skipped="0" hostname="WS0601575" name="test.tektravel.Test_TripPreview_AssignmentTrip" tests="1" failures="0" timestamp="19 Mar 2019 03:58:22 GMT" time="98.256" errors="0">
  <testcase name="TT_2801" time="98.256" classname="test.tektravel.Test_TripPreview_AssignmentTrip"/>
</testsuite> <!-- test.tektravel.Test_TripPreview_AssignmentTrip -->
