<?xml version="1.0" encoding="UTF-8"?>
<!-- Generated by org.testng.reporters.JUnitReportReporter -->
<testsuite skipped="0" hostname="WS0601575" name="test.tektravel.TestEmailContent_UrgentRequestAlert" tests="1" failures="0" timestamp="27 Nov 2018 06:56:23 GMT" time="0.098" errors="0">
  <testcase name="urgentRequestAlert" time="0.098" classname="test.tektravel.TestEmailContent_UrgentRequestAlert"/>
</testsuite> <!-- test.tektravel.TestEmailContent_UrgentRequestAlert -->
