<?xml version="1.0" encoding="UTF-8"?>
<!-- Generated by org.testng.reporters.JUnitReportReporter -->
<testsuite skipped="0" hostname="WS0601573" name="test.mystore.TestLoginMyStore" tests="1" failures="0" timestamp="21 Sep 2018 07:03:38 GMT" time="1.485" errors="0">
  <testcase name="TestSearcher" time="1.485" classname="test.mystore.TestLoginMyStore"/>
</testsuite> <!-- test.mystore.TestLoginMyStore -->
