<?xml version="1.0" encoding="UTF-8"?>
<!-- Generated by org.testng.reporters.JUnitReportReporter -->
<testsuite skipped="0" hostname="WS0601575" name="test.tektravel.TestTripPreview_ConfidentialFields_Note" tests="1" failures="0" timestamp="18 Feb 2019 03:35:41 GMT" time="10.437" errors="0">
  <testcase name="TT_611" time="10.437" classname="test.tektravel.TestTripPreview_ConfidentialFields_Note"/>
</testsuite> <!-- test.tektravel.TestTripPreview_ConfidentialFields_Note -->
