<?xml version="1.0" encoding="UTF-8"?>
<!-- Generated by org.testng.reporters.JUnitReportReporter -->
<testsuite skipped="0" hostname="WS0601573" name="tekexperts.TestHomePage" tests="1" failures="0" timestamp="19 Sep 2018 07:31:59 GMT" time="0.010" errors="0">
  <testcase name="test" time="0.010" classname="tekexperts.TestHomePage"/>
</testsuite> <!-- tekexperts.TestHomePage -->
