<?xml version="1.0" encoding="UTF-8"?>
<!-- Generated by org.testng.reporters.JUnitReportReporter -->
<testsuite hostname="WS0601575" name="test.tektravel.Test_TripEdit_Transportation" tests="1" failures="0" timestamp="22 May 2019 08:19:35 GMT" time="51.603" errors="0">
  <testcase name="TT_2463" time="51.603" classname="test.tektravel.Test_TripEdit_Transportation"/>
</testsuite> <!-- test.tektravel.Test_TripEdit_Transportation -->
