<?xml version="1.0" encoding="UTF-8"?>
<!-- Generated by org.testng.reporters.JUnitReportReporter -->
<testsuite skipped="0" hostname="WS0601573" name="tekexperts.TestLoginPage" tests="1" failures="0" timestamp="21 Sep 2018 03:07:05 GMT" time="8.275" errors="0">
  <testcase name="testLogin" time="8.275" classname="tekexperts.TestLoginPage"/>
</testsuite> <!-- tekexperts.TestLoginPage -->
