<?xml version="1.0" encoding="UTF-8"?>
<!-- Generated by org.testng.reporters.JUnitReportReporter -->
<testsuite skipped="0" hostname="WS0601575" name="test.tektravel.TestEmailContent_CompleteTrip" tests="1" failures="0" timestamp="11 Jan 2019 07:37:51 GMT" time="85.832" errors="0">
  <testcase name="tripCompleted" time="85.832" classname="test.tektravel.TestEmailContent_CompleteTrip"/>
</testsuite> <!-- test.tektravel.TestEmailContent_CompleteTrip -->
