<?xml version="1.0" encoding="UTF-8"?>
<!-- Generated by org.testng.reporters.JUnitReportReporter -->
<testsuite skipped="0" hostname="WS0601575" name="test.tektravel.TestEmailContent_RejectedRequest" tests="1" failures="0" timestamp="26 Nov 2018 09:03:30 GMT" time="97.620" errors="0">
  <testcase name="requestRejected" time="97.620" classname="test.tektravel.TestEmailContent_RejectedRequest"/>
</testsuite> <!-- test.tektravel.TestEmailContent_RejectedRequest -->
