<?xml version="1.0" encoding="UTF-8"?>
<!-- Generated by org.testng.reporters.JUnitReportReporter -->
<testsuite skipped="0" hostname="WS0601575" name="test.tektravel.TestCreateTravelRequest" tests="1" failures="0" timestamp="06 Nov 2018 03:13:23 GMT" time="7.720" errors="0">
  <testcase name="TestCreateRequest" time="7.720" classname="test.tektravel.TestCreateTravelRequest"/>
</testsuite> <!-- test.tektravel.TestCreateTravelRequest -->
