<?xml version="1.0" encoding="UTF-8"?>
<!-- Generated by org.testng.reporters.JUnitReportReporter -->
<testsuite skipped="0" hostname="WS0601575" name="test.tektravel.Test_TripPreview_TravellerRibbon" tests="1" failures="0" timestamp="22 Feb 2019 02:59:47 GMT" time="17.369" errors="0">
  <testcase name="TT_1557" time="17.369" classname="test.tektravel.Test_TripPreview_TravellerRibbon"/>
</testsuite> <!-- test.tektravel.Test_TripPreview_TravellerRibbon -->
