<?xml version="1.0" encoding="UTF-8"?>
<!-- Generated by org.testng.reporters.JUnitReportReporter -->
<testsuite skipped="0" hostname="WS0601575" name="test.tektravel.Test_TripPreview_ConfidentialNote" tests="1" failures="0" timestamp="21 Feb 2019 02:55:50 GMT" time="11.905" errors="0">
  <testcase name="TT_612" time="11.905" classname="test.tektravel.Test_TripPreview_ConfidentialNote"/>
</testsuite> <!-- test.tektravel.Test_TripPreview_ConfidentialNote -->
