<?xml version="1.0" encoding="UTF-8"?>
<!-- Generated by org.testng.reporters.JUnitReportReporter -->
<testsuite skipped="0" hostname="WS0601575" name="test.tektravel.TestEmailContent_SendApproveRequest" tests="1" failures="0" timestamp="19 Dec 2018 03:54:46 GMT" time="105.574" errors="0">
  <testcase name="SendApproveRequest" time="105.574" classname="test.tektravel.TestEmailContent_SendApproveRequest"/>
</testsuite> <!-- test.tektravel.TestEmailContent_SendApproveRequest -->
