<?xml version="1.0" encoding="UTF-8"?>
<!-- Generated by org.testng.reporters.JUnitReportReporter -->
<testsuite hostname="WS0601575" name="test.tektravel.Test_TripEdit_Diems" tests="5" failures="0" timestamp="23 May 2019 10:03:31 GMT" time="266.166" errors="0">
  <testcase name="TT_2442" time="77.711" classname="test.tektravel.Test_TripEdit_Diems"/>
  <testcase name="TT_2444" time="47.008" classname="test.tektravel.Test_TripEdit_Diems"/>
  <testcase name="TT_2443" time="44.047" classname="test.tektravel.Test_TripEdit_Diems"/>
  <testcase name="TT_2446" time="25.932" classname="test.tektravel.Test_TripEdit_Diems"/>
  <testcase name="TT_2441" time="71.468" classname="test.tektravel.Test_TripEdit_Diems"/>
</testsuite> <!-- test.tektravel.Test_TripEdit_Diems -->
