<?xml version="1.0" encoding="UTF-8"?>
<!-- Generated by org.testng.reporters.JUnitReportReporter -->
<testsuite hostname="WS0601575" name="test.tektravel.Test_TripEdit_TripInfo" tests="1" failures="0" timestamp="13 Jun 2019 04:01:01 GMT" time="44.939" errors="0">
  <testcase name="TT_2506" time="44.939" classname="test.tektravel.Test_TripEdit_TripInfo"/>
</testsuite> <!-- test.tektravel.Test_TripEdit_TripInfo -->
