<?xml version="1.0" encoding="UTF-8"?>
<!-- Generated by org.testng.reporters.JUnitReportReporter -->
<testsuite hostname="WS0601575" name="test.tektravel.Test_TripEdit_Summary" tests="1" failures="0" timestamp="29 May 2019 07:45:44 GMT" time="24.566" errors="0">
  <testcase name="TT_2251" time="24.566" classname="test.tektravel.Test_TripEdit_Summary"/>
</testsuite> <!-- test.tektravel.Test_TripEdit_Summary -->
