<?xml version="1.0" encoding="UTF-8"?>
<!-- Generated by org.testng.reporters.JUnitReportReporter -->
<testsuite skipped="0" hostname="WS0601573" name="test.mystore.Test_CW_Login_Account_Management" tests="1" failures="0" timestamp="24 Sep 2018 08:00:20 GMT" time="3.479" errors="0">
  <testcase name="CW_2139" time="3.479" classname="test.mystore.Test_CW_Login_Account_Management"/>
</testsuite> <!-- test.mystore.Test_CW_Login_Account_Management -->
