<?xml version="1.0" encoding="UTF-8"?>
<!-- Generated by org.testng.reporters.JUnitReportReporter -->
<testsuite hostname="WS0601575" name="test.tektravel.Test_TripEdit_Flight" tests="1" failures="0" timestamp="22 May 2019 07:57:44 GMT" time="52.888" errors="0">
  <testcase name="TT_2481" time="52.888" classname="test.tektravel.Test_TripEdit_Flight"/>
</testsuite> <!-- test.tektravel.Test_TripEdit_Flight -->
