<?xml version="1.0" encoding="UTF-8"?>
<!-- Generated by org.testng.reporters.JUnitReportReporter -->
<testsuite skipped="0" hostname="WS0601573" name="automationpractice.TestLoginMyStore" tests="1" failures="0" timestamp="21 Sep 2018 03:48:51 GMT" time="3.703" errors="0">
  <testcase name="TestLogin" time="3.703" classname="automationpractice.TestLoginMyStore"/>
</testsuite> <!-- automationpractice.TestLoginMyStore -->
