<?xml version="1.0" encoding="UTF-8"?>
<!-- Generated by org.testng.reporters.JUnitReportReporter -->
<testsuite skipped="0" hostname="WS0601575" name="test.tektravel.TestConnectDatabase" tests="1" failures="0" timestamp="29 Oct 2018 07:55:31 GMT" time="0.541" errors="0">
  <testcase name="testconnect" time="0.541" classname="test.tektravel.TestConnectDatabase"/>
</testsuite> <!-- test.tektravel.TestConnectDatabase -->
